<?xml version="1.0" encoding="UTF-8"?>
<testsuite xmlns:xsi="http://www.w3.org/2001/XMLSchema-instance" xsi:noNamespaceSchemaLocation="https://maven.apache.org/surefire/maven-surefire-plugin/xsd/surefire-test-report-3.0.xsd" version="3.0" name="max.carol.LuzesTest" time="1.052" tests="9" errors="0" skipped="0" failures="0">
  <properties>
[...]
</properties>
  <testcase name="testAssertLinesMatch" classname="max.carol.LuzesTest" time="0.002"/>
  <testcase name="testAssertTimeout" classname="max.carol.LuzesTest" time="1.002"/>
  <testcase name="testLigar" classname="max.carol.LuzesTest" time="0.008">
    <system-out><![CDATA[Luzes ligadas.
]]></system-out>
  </testcase>
  <testcase name="testAssertArrayEquals" classname="max.carol.LuzesTest" time="0.002"/>
  <testcase name="testAssertThrows" classname="max.carol.LuzesTest" time="0.002"/>
  <testcase name="testAjustarIntensidade" classname="max.carol.LuzesTest" time="0.012">
    <system-out><![CDATA[Intensidade ajustada para: 90
]]></system-out>
  </testcase>
  <testcase name="testAssertNull" classname="max.carol.LuzesTest" time="0.002"/>
  <testcase name="testDesligar" classname="max.carol.LuzesTest" time="0.009">
    <system-out><![CDATA[Luzes desligadas.
]]></system-out>
  </testcase>
  <testcase name="testAssertIterableEquals" classname="max.carol.LuzesTest" time="0.002"/>
</testsuite>