<?xml version="1.0" encoding="UTF-8"?>
<testsuite xmlns:xsi="http://www.w3.org/2001/XMLSchema-instance" xsi:noNamespaceSchemaLocation="https://maven.apache.org/surefire/maven-surefire-plugin/xsd/surefire-test-report-3.0.xsd" version="3.0" name="max.carol.TransmissaoTest" time="0.019" tests="6" errors="0" skipped="0" failures="0">
  <properties>
[...]
</properties>
  <testcase name="testarSubstituirComponenteSemFalha" classname="max.carol.TransmissaoTest" time="0.003">
    <system-out><![CDATA[Sistema de transmissão já está funcionando. Nenhuma substituição necessária.
]]></system-out>
  </testcase>
  <testcase name="testarEstadoNull" classname="max.carol.TransmissaoTest" time="0.001"/>
  <testcase name="testarTrocarMarchaInvalida" classname="max.carol.TransmissaoTest" time="0.002">
    <system-out><![CDATA[Marcha inválida. O número de marchas disponíveis é: 5
]]></system-out>
  </testcase>
  <testcase name="testarSubstituirComponenteComFalha" classname="max.carol.TransmissaoTest" time="0.001">
    <system-out><![CDATA[Substituindo componente: Engrenagem
Sistema de transmissão funcionando novamente.
]]></system-out>
  </testcase>
  <testcase name="testarEstadoInicial" classname="max.carol.TransmissaoTest" time="0.001"/>
  <testcase name="testarTrocarMarchaValida" classname="max.carol.TransmissaoTest" time="0.003">
    <system-out><![CDATA[Marcha trocada para: 3
]]></system-out>
  </testcase>
</testsuite>